<?xml version="1.0" encoding="UTF-8"?>
<!-- Generated by org.testng.reporters.JUnitXMLReporter -->
<testsuite ignored="0" hostname="Subhams-MacBook-Air.local" failures="0" tests="4" name="Test" time="10.574" errors="0" timestamp="2024-02-21T23:38:51 IST">
  <testcase classname="Chaining.CreateUser" name="test_createUser" time="5.341"/>
  <testcase classname="Chaining.GetUser" name="test_getUser" time="2.09"/>
  <testcase classname="Chaining.UpdateUser" name="updateUser" time="1.522"/>
  <testcase classname="Chaining.DeleteUser" name="test_DeleteUser" time="1.538"/>
</testsuite> <!-- Test -->
