<?xml version="1.0" encoding="UTF-8"?>
<testng-results ignored="0" total="4" passed="4" failed="0" skipped="0">
  <reporter-output>
  </reporter-output>
  <suite started-at="2024-02-21T23:38:41 IST" name="Suite" finished-at="2024-02-21T23:38:51 IST" duration-ms="10574">
    <groups>
    </groups>
    <test started-at="2024-02-21T23:38:41 IST" name="Test" finished-at="2024-02-21T23:38:51 IST" duration-ms="10574">
      <class name="Chaining.GetUser">
        <test-method signature="test_getUser(org.testng.ITestContext)[pri:0, instance:Chaining.GetUser@43dac38f]" started-at="2024-02-21T23:38:46 IST" name="test_getUser" finished-at="2024-02-21T23:38:48 IST" duration-ms="2090" status="PASS">
          <params>
            <param index="0">
              <value>
                <![CDATA[org.testng.TestRunner@4bdeaabb]]>
              </value>
            </param>
          </params>
          <reporter-output>
          </reporter-output>
        </test-method> <!-- test_getUser -->
      </class> <!-- Chaining.GetUser -->
      <class name="Chaining.UpdateUser">
        <test-method signature="updateUser(org.testng.ITestContext)[pri:0, instance:Chaining.UpdateUser@342c38f8]" started-at="2024-02-21T23:38:48 IST" name="updateUser" finished-at="2024-02-21T23:38:50 IST" duration-ms="1522" status="PASS">
          <params>
            <param index="0">
              <value>
                <![CDATA[org.testng.TestRunner@4bdeaabb]]>
              </value>
            </param>
          </params>
          <reporter-output>
          </reporter-output>
        </test-method> <!-- updateUser -->
      </class> <!-- Chaining.UpdateUser -->
      <class name="Chaining.DeleteUser">
        <test-method signature="test_DeleteUser(org.testng.ITestContext)[pri:0, instance:Chaining.DeleteUser@c88a337]" started-at="2024-02-21T23:38:50 IST" name="test_DeleteUser" finished-at="2024-02-21T23:38:51 IST" duration-ms="1538" status="PASS">
          <params>
            <param index="0">
              <value>
                <![CDATA[org.testng.TestRunner@4bdeaabb]]>
              </value>
            </param>
          </params>
          <reporter-output>
          </reporter-output>
        </test-method> <!-- test_DeleteUser -->
      </class> <!-- Chaining.DeleteUser -->
      <class name="Chaining.CreateUser">
        <test-method signature="test_createUser(org.testng.ITestContext)[pri:0, instance:Chaining.CreateUser@543588e6]" started-at="2024-02-21T23:38:41 IST" name="test_createUser" finished-at="2024-02-21T23:38:46 IST" duration-ms="5341" status="PASS">
          <params>
            <param index="0">
              <value>
                <![CDATA[org.testng.TestRunner@4bdeaabb]]>
              </value>
            </param>
          </params>
          <reporter-output>
          </reporter-output>
        </test-method> <!-- test_createUser -->
      </class> <!-- Chaining.CreateUser -->
    </test> <!-- Test -->
  </suite> <!-- Suite -->
</testng-results>
